<?xml version="1.0" encoding="UTF-8"?>
<!-- Generated by org.testng.reporters.JUnitReportReporter -->
<testsuite hostname="pok3r-PC" failures="0" tests="1" name="runner.test" time="0.002" errors="0" timestamp="2019-11-04T12:44:05 IST" skipped="0">
  <testcase classname="runner.test" name="test1" time="0.002"/>
</testsuite> <!-- runner.test -->
