<?xml version="1.0" encoding="UTF-8"?>
<!-- Generated by org.testng.reporters.JUnitReportReporter -->
<testsuite hostname="pok3r-PC" failures="0" tests="2" name="sachinTest.runTest" time="0.014" errors="0" timestamp="2019-10-25T08:48:10 IST" skipped="0">
  <testcase classname="sachinTest.runTest" name="end" time="0.011"/>
  <testcase classname="sachinTest.runTest" name="start" time="0.003"/>
</testsuite> <!-- sachinTest.runTest -->
