<?xml version="1.0" encoding="UTF-8"?>
<!-- Generated by org.testng.reporters.JUnitReportReporter -->
<testsuite hostname="pok3r-PC" failures="0" tests="1" name="sachinTest.Base" time="0.011" errors="0" timestamp="2019-11-01T09:12:56 IST" skipped="0">
  <testcase classname="sachinTest.Base" name="initialize" time="0.011"/>
</testsuite> <!-- sachinTest.Base -->
